<?xml version="1.0" encoding="UTF-8"?>
<!-- Generated by org.testng.reporters.JUnitReportReporter -->
<testsuite hostname="marketing-d" name="TestCreateAccountStaging" tests="1" failures="0" timestamp="11 Oct 2016 07:07:57 GMT" time="39.079" errors="0">
  <testcase name="testCreate" time="39.079" classname="TestCreateAccountStaging"/>
</testsuite> <!-- TestCreateAccountStaging -->
